2024-12-26T12:13:39.272-05:00  INFO 13776 --- [ms-usuarios] [main] c.a.ms_usuarios.MsUsuariosApplication    : Starting MsUsuariosApplication using Java 21.0.2 with PID 13776 (C:\Users\aalva\Desktop\Cursos\Pragma\RETOS\CHAPTER BACKEND\BACKEND\ms-usuarios\target\classes started by aalva in C:\Users\aalva\Desktop\Cursos\Pragma\RETOS\CHAPTER BACKEND\BACKEND\ms-usuarios)
2024-12-26T12:13:39.274-05:00  INFO 13776 --- [ms-usuarios] [main] c.a.ms_usuarios.MsUsuariosApplication    : No active profile set, falling back to 1 default profile: "default"
2024-12-26T12:13:40.045-05:00  INFO 13776 --- [ms-usuarios] [main] .s.d.r.c.RepositoryConfigurationDelegate : Bootstrapping Spring Data JPA repositories in DEFAULT mode.
2024-12-26T12:13:40.062-05:00  INFO 13776 --- [ms-usuarios] [main] .s.d.r.c.RepositoryConfigurationDelegate : Finished Spring Data repository scanning in 9 ms. Found 0 JPA repository interfaces.
2024-12-26T12:13:40.529-05:00  INFO 13776 --- [ms-usuarios] [main] o.s.b.w.embedded.tomcat.TomcatWebServer  : Tomcat initialized with port 8085 (http)
2024-12-26T12:13:40.543-05:00  INFO 13776 --- [ms-usuarios] [main] o.apache.catalina.core.StandardService   : Starting service [Tomcat]
2024-12-26T12:13:40.544-05:00  INFO 13776 --- [ms-usuarios] [main] o.apache.catalina.core.StandardEngine    : Starting Servlet engine: [Apache Tomcat/10.1.34]
2024-12-26T12:13:40.599-05:00  INFO 13776 --- [ms-usuarios] [main] o.a.c.c.C.[Tomcat].[localhost].[/]       : Initializing Spring embedded WebApplicationContext
2024-12-26T12:13:40.599-05:00  INFO 13776 --- [ms-usuarios] [main] w.s.c.ServletWebServerApplicationContext : Root WebApplicationContext: initialization completed in 1280 ms
2024-12-26T12:13:40.726-05:00  INFO 13776 --- [ms-usuarios] [main] com.zaxxer.hikari.HikariDataSource       : HikariPool-1 - Starting...
2024-12-26T12:13:40.936-05:00  INFO 13776 --- [ms-usuarios] [main] com.zaxxer.hikari.pool.HikariPool        : HikariPool-1 - Added connection org.postgresql.jdbc.PgConnection@79ba0a6f
2024-12-26T12:13:40.938-05:00  INFO 13776 --- [ms-usuarios] [main] com.zaxxer.hikari.HikariDataSource       : HikariPool-1 - Start completed.
2024-12-26T12:13:41.022-05:00  INFO 13776 --- [ms-usuarios] [main] o.hibernate.jpa.internal.util.LogHelper  : HHH000204: Processing PersistenceUnitInfo [name: default]
2024-12-26T12:13:41.118-05:00  INFO 13776 --- [ms-usuarios] [main] org.hibernate.Version                    : HHH000412: Hibernate ORM core version 6.6.4.Final
2024-12-26T12:13:41.186-05:00  INFO 13776 --- [ms-usuarios] [main] o.h.c.internal.RegionFactoryInitiator    : HHH000026: Second-level cache disabled
2024-12-26T12:13:41.543-05:00  INFO 13776 --- [ms-usuarios] [main] o.s.o.j.p.SpringPersistenceUnitInfo      : No LoadTimeWeaver setup: ignoring JPA class transformer
2024-12-26T12:13:41.650-05:00  INFO 13776 --- [ms-usuarios] [main] org.hibernate.orm.connections.pooling    : HHH10001005: Database info:
	Database JDBC URL [Connecting through datasource 'HikariDataSource (HikariPool-1)']
	Database driver: undefined/unknown
	Database version: 17.1
	Autocommit mode: undefined/unknown
	Isolation level: undefined/unknown
	Minimum pool size: undefined/unknown
	Maximum pool size: undefined/unknown
2024-12-26T12:13:42.036-05:00  INFO 13776 --- [ms-usuarios] [main] o.h.e.t.j.p.i.JtaPlatformInitiator       : HHH000489: No JTA platform available (set 'hibernate.transaction.jta.platform' to enable JTA platform integration)
2024-12-26T12:13:42.041-05:00  INFO 13776 --- [ms-usuarios] [main] j.LocalContainerEntityManagerFactoryBean : Initialized JPA EntityManagerFactory for persistence unit 'default'
2024-12-26T12:13:42.180-05:00  WARN 13776 --- [ms-usuarios] [main] JpaBaseConfiguration$JpaWebConfiguration : spring.jpa.open-in-view is enabled by default. Therefore, database queries may be performed during view rendering. Explicitly configure spring.jpa.open-in-view to disable this warning
2024-12-26T12:13:42.226-05:00  INFO 13776 --- [ms-usuarios] [main] o.s.v.b.OptionalValidatorFactoryBean     : Failed to set up a Bean Validation provider: jakarta.validation.NoProviderFoundException: Unable to create a Configuration, because no Jakarta Bean Validation provider could be found. Add a provider like Hibernate Validator (RI) to your classpath.
2024-12-26T12:13:42.626-05:00  INFO 13776 --- [ms-usuarios] [main] o.s.b.w.embedded.tomcat.TomcatWebServer  : Tomcat started on port 8085 (http) with context path '/'
2024-12-26T12:13:42.633-05:00  INFO 13776 --- [ms-usuarios] [main] c.a.ms_usuarios.MsUsuariosApplication    : Started MsUsuariosApplication in 4.0 seconds (process running for 5.8)
2024-12-26T12:14:23.508-05:00  INFO 13776 --- [ms-usuarios] [SpringApplicationShutdownHook] o.s.b.w.e.tomcat.GracefulShutdown        : Commencing graceful shutdown. Waiting for active requests to complete
2024-12-26T12:14:23.513-05:00  INFO 13776 --- [ms-usuarios] [tomcat-shutdown] o.s.b.w.e.tomcat.GracefulShutdown        : Graceful shutdown complete
2024-12-26T12:14:23.516-05:00  INFO 13776 --- [ms-usuarios] [SpringApplicationShutdownHook] j.LocalContainerEntityManagerFactoryBean : Closing JPA EntityManagerFactory for persistence unit 'default'
2024-12-26T12:14:23.517-05:00  INFO 13776 --- [ms-usuarios] [SpringApplicationShutdownHook] com.zaxxer.hikari.HikariDataSource       : HikariPool-1 - Shutdown initiated...
2024-12-26T12:14:23.520-05:00  INFO 13776 --- [ms-usuarios] [SpringApplicationShutdownHook] com.zaxxer.hikari.HikariDataSource       : HikariPool-1 - Shutdown completed.
